[debug] [2019-12-11T13:44:41.051Z] ----------------------------------------------------------------------
[debug] [2019-12-11T13:44:41.053Z] Command:       /usr/bin/node /home/kisinga/.npm-global/bin/firebase deploy --only functions
[debug] [2019-12-11T13:44:41.053Z] CLI Version:   7.9.0
[debug] [2019-12-11T13:44:41.053Z] Platform:      linux
[debug] [2019-12-11T13:44:41.053Z] Node Version:  v10.17.0
[debug] [2019-12-11T13:44:41.053Z] Time:          Wed Dec 11 2019 16:44:41 GMT+0300 (East Africa Time)
[debug] [2019-12-11T13:44:41.053Z] ----------------------------------------------------------------------
[debug] [2019-12-11T13:44:41.053Z] 
[debug] [2019-12-11T13:44:41.060Z] > command requires scopes: ["email","openid","https://www.googleapis.com/auth/cloudplatformprojects.readonly","https://www.googleapis.com/auth/firebase","https://www.googleapis.com/auth/cloud-platform"]
[debug] [2019-12-11T13:44:41.060Z] > authorizing via signed-in user
[debug] [2019-12-11T13:44:41.060Z] [iam] checking project daudi-4 for permissions ["cloudfunctions.functions.create","cloudfunctions.functions.delete","cloudfunctions.functions.get","cloudfunctions.functions.list","cloudfunctions.functions.update","cloudfunctions.operations.get","firebase.projects.get"]
[debug] [2019-12-11T13:44:41.061Z] >>> HTTP REQUEST POST https://cloudresourcemanager.googleapis.com/v1/projects/daudi-4:testIamPermissions  

[debug] [2019-12-11T13:44:43.177Z] <<< HTTP RESPONSE 200
[info] 
[info] === Deploying to 'daudi-4'...
[info] 
[info] i  deploying functions
[info] Running command: npm --prefix "$RESOURCE_DIR" run lint
[info] Running command: npm --prefix "$RESOURCE_DIR" run build
[info] ✔  functions: Finished running predeploy script.
[debug] [2019-12-11T13:44:58.833Z] > [functions] package.json contents: {
  "name": "functions",
  "scripts": {
    "lint": "tslint --project tsconfig.json",
    "build": "tsc",
    "serve": "npm run build && firebase serve --only functions",
    "shell": "npm run build && firebase functions:shell",
    "start": "npm run shell",
    "deploy": "firebase deploy --only functions",
    "logs": "firebase functions:log"
  },
  "main": "lib/index.js",
  "dependencies": {
    "@firebase/firestore-types": "^1.8.1",
    "@google-cloud/pubsub": "^1.1.1",
    "bluebird": "^3.7.0",
    "firebase-admin": "^8.6.0",
    "firebase-functions": "^3.2.0",
    "jxon": "^2.0.0-beta.5",
    "lodash": "^4.17.15",
    "moment": "^2.24.0",
    "request": "^2.88.0",
    "request-debug": "^0.2.0",
    "underscore": "^1.9.1",
    "uuid": "^3.3.3"
  },
  "devDependencies": {
    "@types/lodash.clonedeep": "^4.5.6",
    "@types/node": "^12.7.12",
    "@types/underscore": "^1.9.3",
    "@types/uuid": "^3.4.5",
    "tslint": "^5.20.0",
    "typescript": "^3.6.4"
  },
  "engines": {
    "node": "8"
  },
  "private": true
}
[info] i  functions: ensuring necessary APIs are enabled...
[debug] [2019-12-11T13:44:58.835Z] >>> HTTP REQUEST GET https://serviceusage.googleapis.com/v1/projects/daudi-4/services/cloudfunctions.googleapis.com  
 
[debug] [2019-12-11T13:44:58.835Z] >>> HTTP REQUEST GET https://serviceusage.googleapis.com/v1/projects/daudi-4/services/runtimeconfig.googleapis.com  
 
[debug] [2019-12-11T13:45:00.839Z] <<< HTTP RESPONSE 200
[debug] [2019-12-11T13:45:00.929Z] <<< HTTP RESPONSE 200
[info] ✔  functions: all necessary APIs are enabled
[debug] [2019-12-11T13:45:00.932Z] >>> HTTP REQUEST GET https://firebase.googleapis.com/v1beta1/projects/daudi-4/adminSdkConfig  
 
[debug] [2019-12-11T13:45:01.618Z] <<< HTTP RESPONSE 200
[info] i  functions: preparing functions directory for uploading...
[debug] [2019-12-11T13:45:01.628Z] >>> HTTP REQUEST GET https://runtimeconfig.googleapis.com/v1beta1/projects/daudi-4/configs  
 
[debug] [2019-12-11T13:45:02.288Z] <<< HTTP RESPONSE 200
[info] i  functions: packaged functions (266.19 KB) for uploading
[debug] [2019-12-11T13:45:03.286Z] >>> HTTP REQUEST POST https://cloudfunctions.googleapis.com/v1/projects/daudi-4/locations/us-central1/functions:generateUploadUrl  
 
[debug] [2019-12-11T13:45:04.418Z] <<< HTTP RESPONSE 200
[debug] [2019-12-11T13:45:04.419Z] >>> HTTP REQUEST PUT https://storage.googleapis.com/gcf-upload-us-central1-c083ee8d-c519-4767-a169-b9c1ec0ee6ce/64dce86a-7faf-41f2-ad73-0efa82aee08f.zip?GoogleAccessId=service-999511162358@gcf-admin-robot.iam.gserviceaccount.com&Expires=1576073704&Signature=D1X%2ByLl2sKeEAmwCSiahXYobtITsloctM9LtTOfCm2wllTmMIOl%2BmHFxEkvNg%2FnQyD0Td3ZxOjaW2bSLfWz4p2UeufFNvS5qQc43ckpHvg8b25rVwrs7WkfN7nRJYGIVAck9GbbRw%2BHce4o4azlvtTZB2V%2FUQdWzz%2F2wzr7kB3HpgYU1bFwBhoz4ya2dNA8n%2FyNO90zW0xCpFhXZhxtbPLqNZ%2Bfa8VD0PE2hdQrf8adPOuexZqzSuHhmu1W3PCv9CRG4K%2BxkG00I4cvjA67ZMaUOYFBcvyNvrxdGtN2vmGkYjaYQjjWnsxstWCSfsR6%2FAWBk%2Bai7KvlWS4YIN1TOYQ%3D%3D  
 <request body omitted>
[debug] [2019-12-11T13:45:05.786Z] <<< HTTP RESPONSE 200
[info] ✔  functions: functions folder uploaded successfully
[debug] [2019-12-11T13:45:05.788Z] >>> HTTP REQUEST GET https://cloudfunctions.googleapis.com/v1/projects/daudi-4/locations/-/functions  
 
[debug] [2019-12-11T13:45:06.414Z] <<< HTTP RESPONSE 200
[info] i  functions: updating Node.js 8 function createEstimate(us-central1)...
[debug] [2019-12-11T13:45:06.421Z] Trigger is:  {"httpsTrigger":{}}
[info] i  functions: updating Node.js 8 function approveInvoice(us-central1)...
[debug] [2019-12-11T13:45:06.422Z] Trigger is:  {"httpsTrigger":{}}
[info] i  functions: updating Node.js 8 function smscreated(us-central1)...
[debug] [2019-12-11T13:45:06.423Z] Trigger is:  {"eventTrigger":{"resource":"projects/daudi-4/databases/(default)/documents/sms/{smsID}","eventType":"providers/cloud.firestore/eventTypes/document.create","service":"firestore.googleapis.com"}}
[info] i  functions: updating Node.js 8 function requestsync(us-central1)...
[debug] [2019-12-11T13:45:06.423Z] Trigger is:  {"httpsTrigger":{}}
[info] i  functions: updating Node.js 8 function onUserStatusChanged(us-central1)...
[debug] [2019-12-11T13:45:06.424Z] Trigger is:  {"eventTrigger":{"resource":"projects/_/instances/daudi-4/refs/admins/{uid}","eventType":"providers/google.firebase.database/eventTypes/ref.update","service":"firebaseio.com"}}
[debug] [2019-12-11T13:45:06.426Z] >>> HTTP REQUEST GET https://serviceusage.googleapis.com/v1/projects/daudi-4/services/cloudscheduler.googleapis.com  
 
[debug] [2019-12-11T13:45:08.154Z] <<< HTTP RESPONSE 200
[debug] [2019-12-11T13:45:08.157Z] >>> HTTP REQUEST PATCH https://cloudfunctions.googleapis.com/v1/projects/daudi-4/locations/us-central1/functions/createEstimate {"updateMask":"sourceUploadUrl,name,labels,runtime,httpsTrigger"} 

[debug] [2019-12-11T13:45:08.158Z] >>> HTTP REQUEST PATCH https://cloudfunctions.googleapis.com/v1/projects/daudi-4/locations/us-central1/functions/approveInvoice {"updateMask":"sourceUploadUrl,name,labels,runtime,httpsTrigger"} 

[debug] [2019-12-11T13:45:08.158Z] >>> HTTP REQUEST PATCH https://cloudfunctions.googleapis.com/v1/projects/daudi-4/locations/us-central1/functions/smscreated {"updateMask":"sourceUploadUrl,name,labels,runtime,eventTrigger.resource,eventTrigger.eventType,eventTrigger.service"} 

[debug] [2019-12-11T13:45:08.159Z] >>> HTTP REQUEST PATCH https://cloudfunctions.googleapis.com/v1/projects/daudi-4/locations/us-central1/functions/requestsync {"updateMask":"sourceUploadUrl,name,labels,runtime,httpsTrigger"} 

[debug] [2019-12-11T13:45:08.159Z] >>> HTTP REQUEST PATCH https://cloudfunctions.googleapis.com/v1/projects/daudi-4/locations/us-central1/functions/onUserStatusChanged {"updateMask":"sourceUploadUrl,name,labels,runtime,eventTrigger.resource,eventTrigger.eventType,eventTrigger.service"} 

[debug] [2019-12-11T13:45:08.901Z] <<< HTTP RESPONSE 200
[debug] [2019-12-11T13:45:08.904Z] <<< HTTP RESPONSE 200
[debug] [2019-12-11T13:45:08.915Z] <<< HTTP RESPONSE 200
[debug] [2019-12-11T13:45:08.959Z] <<< HTTP RESPONSE 200
[debug] [2019-12-11T13:45:08.975Z] <<< HTTP RESPONSE 200
[debug] [2019-12-11T13:45:08.978Z] >>> HTTP REQUEST GET https://cloudfunctions.googleapis.com/v1/projects/daudi-4/locations/-/functions  
 
[debug] [2019-12-11T13:45:09.525Z] <<< HTTP RESPONSE 200
[debug] [2019-12-11T13:45:09.528Z] >>> HTTP REQUEST GET https://cloudfunctions.googleapis.com/v1/operations/ZGF1ZGktNC91cy1jZW50cmFsMS9jcmVhdGVFc3RpbWF0ZS9IUUREUGh1TEhnbw  
 
[debug] [2019-12-11T13:45:09.529Z] >>> HTTP REQUEST GET https://cloudfunctions.googleapis.com/v1/operations/ZGF1ZGktNC91cy1jZW50cmFsMS9hcHByb3ZlSW52b2ljZS9Dd3pBM0R4d09VOA  
 
[debug] [2019-12-11T13:45:09.530Z] >>> HTTP REQUEST GET https://cloudfunctions.googleapis.com/v1/operations/ZGF1ZGktNC91cy1jZW50cmFsMS9zbXNjcmVhdGVkL2NMU3NsaU1VQUNJ  
 
[debug] [2019-12-11T13:45:09.531Z] >>> HTTP REQUEST GET https://cloudfunctions.googleapis.com/v1/operations/ZGF1ZGktNC91cy1jZW50cmFsMS9yZXF1ZXN0c3luYy9DcFRIbjI1VzFSdw  
 
[debug] [2019-12-11T13:45:09.532Z] >>> HTTP REQUEST GET https://cloudfunctions.googleapis.com/v1/operations/ZGF1ZGktNC91cy1jZW50cmFsMS9vblVzZXJTdGF0dXNDaGFuZ2VkLzV2ZEhCOXQxcnhr  
 
[debug] [2019-12-11T13:45:09.894Z] <<< HTTP RESPONSE 200
[debug] [2019-12-11T13:45:09.897Z] <<< HTTP RESPONSE 200
[debug] [2019-12-11T13:45:09.899Z] <<< HTTP RESPONSE 200
[debug] [2019-12-11T13:45:09.901Z] <<< HTTP RESPONSE 200
[debug] [2019-12-11T13:45:09.902Z] <<< HTTP RESPONSE 200
[debug] [2019-12-11T13:45:11.897Z] >>> HTTP REQUEST GET https://cloudfunctions.googleapis.com/v1/operations/ZGF1ZGktNC91cy1jZW50cmFsMS9zbXNjcmVhdGVkL2NMU3NsaU1VQUNJ  
 
[debug] [2019-12-11T13:45:11.901Z] >>> HTTP REQUEST GET https://cloudfunctions.googleapis.com/v1/operations/ZGF1ZGktNC91cy1jZW50cmFsMS9yZXF1ZXN0c3luYy9DcFRIbjI1VzFSdw  
 
[debug] [2019-12-11T13:45:11.909Z] >>> HTTP REQUEST GET https://cloudfunctions.googleapis.com/v1/operations/ZGF1ZGktNC91cy1jZW50cmFsMS9hcHByb3ZlSW52b2ljZS9Dd3pBM0R4d09VOA  
 
[debug] [2019-12-11T13:45:11.914Z] >>> HTTP REQUEST GET https://cloudfunctions.googleapis.com/v1/operations/ZGF1ZGktNC91cy1jZW50cmFsMS9jcmVhdGVFc3RpbWF0ZS9IUUREUGh1TEhnbw  
 
[debug] [2019-12-11T13:45:11.915Z] >>> HTTP REQUEST GET https://cloudfunctions.googleapis.com/v1/operations/ZGF1ZGktNC91cy1jZW50cmFsMS9vblVzZXJTdGF0dXNDaGFuZ2VkLzV2ZEhCOXQxcnhr  
 
[debug] [2019-12-11T13:45:12.250Z] <<< HTTP RESPONSE 200
[debug] [2019-12-11T13:45:12.252Z] <<< HTTP RESPONSE 200
[debug] [2019-12-11T13:45:12.253Z] <<< HTTP RESPONSE 200
[debug] [2019-12-11T13:45:12.263Z] <<< HTTP RESPONSE 200
[debug] [2019-12-11T13:45:12.271Z] <<< HTTP RESPONSE 200
[debug] [2019-12-11T13:45:14.254Z] >>> HTTP REQUEST GET https://cloudfunctions.googleapis.com/v1/operations/ZGF1ZGktNC91cy1jZW50cmFsMS9yZXF1ZXN0c3luYy9DcFRIbjI1VzFSdw  
 
[debug] [2019-12-11T13:45:14.255Z] >>> HTTP REQUEST GET https://cloudfunctions.googleapis.com/v1/operations/ZGF1ZGktNC91cy1jZW50cmFsMS9jcmVhdGVFc3RpbWF0ZS9IUUREUGh1TEhnbw  
 
[debug] [2019-12-11T13:45:14.255Z] >>> HTTP REQUEST GET https://cloudfunctions.googleapis.com/v1/operations/ZGF1ZGktNC91cy1jZW50cmFsMS9zbXNjcmVhdGVkL2NMU3NsaU1VQUNJ  
 
[debug] [2019-12-11T13:45:14.267Z] >>> HTTP REQUEST GET https://cloudfunctions.googleapis.com/v1/operations/ZGF1ZGktNC91cy1jZW50cmFsMS9hcHByb3ZlSW52b2ljZS9Dd3pBM0R4d09VOA  
 
[debug] [2019-12-11T13:45:14.272Z] >>> HTTP REQUEST GET https://cloudfunctions.googleapis.com/v1/operations/ZGF1ZGktNC91cy1jZW50cmFsMS9vblVzZXJTdGF0dXNDaGFuZ2VkLzV2ZEhCOXQxcnhr  
 
[debug] [2019-12-11T13:45:14.604Z] <<< HTTP RESPONSE 200
[debug] [2019-12-11T13:45:14.606Z] <<< HTTP RESPONSE 200
[debug] [2019-12-11T13:45:14.613Z] <<< HTTP RESPONSE 200
[debug] [2019-12-11T13:45:14.620Z] <<< HTTP RESPONSE 200
[debug] [2019-12-11T13:45:14.633Z] <<< HTTP RESPONSE 200
[debug] [2019-12-11T13:45:16.605Z] >>> HTTP REQUEST GET https://cloudfunctions.googleapis.com/v1/operations/ZGF1ZGktNC91cy1jZW50cmFsMS9yZXF1ZXN0c3luYy9DcFRIbjI1VzFSdw  
 
[debug] [2019-12-11T13:45:16.608Z] >>> HTTP REQUEST GET https://cloudfunctions.googleapis.com/v1/operations/ZGF1ZGktNC91cy1jZW50cmFsMS9jcmVhdGVFc3RpbWF0ZS9IUUREUGh1TEhnbw  
 
[debug] [2019-12-11T13:45:16.613Z] >>> HTTP REQUEST GET https://cloudfunctions.googleapis.com/v1/operations/ZGF1ZGktNC91cy1jZW50cmFsMS9zbXNjcmVhdGVkL2NMU3NsaU1VQUNJ  
 
[debug] [2019-12-11T13:45:16.622Z] >>> HTTP REQUEST GET https://cloudfunctions.googleapis.com/v1/operations/ZGF1ZGktNC91cy1jZW50cmFsMS9vblVzZXJTdGF0dXNDaGFuZ2VkLzV2ZEhCOXQxcnhr  
 
[debug] [2019-12-11T13:45:16.634Z] >>> HTTP REQUEST GET https://cloudfunctions.googleapis.com/v1/operations/ZGF1ZGktNC91cy1jZW50cmFsMS9hcHByb3ZlSW52b2ljZS9Dd3pBM0R4d09VOA  
 
[debug] [2019-12-11T13:45:17.291Z] <<< HTTP RESPONSE 200
[debug] [2019-12-11T13:45:17.303Z] <<< HTTP RESPONSE 200
[debug] [2019-12-11T13:45:17.325Z] <<< HTTP RESPONSE 200
[debug] [2019-12-11T13:45:17.330Z] <<< HTTP RESPONSE 200
[debug] [2019-12-11T13:45:17.335Z] <<< HTTP RESPONSE 200
[debug] [2019-12-11T13:45:19.297Z] >>> HTTP REQUEST GET https://cloudfunctions.googleapis.com/v1/operations/ZGF1ZGktNC91cy1jZW50cmFsMS9jcmVhdGVFc3RpbWF0ZS9IUUREUGh1TEhnbw  
 
[debug] [2019-12-11T13:45:19.304Z] >>> HTTP REQUEST GET https://cloudfunctions.googleapis.com/v1/operations/ZGF1ZGktNC91cy1jZW50cmFsMS9yZXF1ZXN0c3luYy9DcFRIbjI1VzFSdw  
 
[debug] [2019-12-11T13:45:19.325Z] >>> HTTP REQUEST GET https://cloudfunctions.googleapis.com/v1/operations/ZGF1ZGktNC91cy1jZW50cmFsMS9vblVzZXJTdGF0dXNDaGFuZ2VkLzV2ZEhCOXQxcnhr  
 
[debug] [2019-12-11T13:45:19.331Z] >>> HTTP REQUEST GET https://cloudfunctions.googleapis.com/v1/operations/ZGF1ZGktNC91cy1jZW50cmFsMS9hcHByb3ZlSW52b2ljZS9Dd3pBM0R4d09VOA  
 
[debug] [2019-12-11T13:45:19.336Z] >>> HTTP REQUEST GET https://cloudfunctions.googleapis.com/v1/operations/ZGF1ZGktNC91cy1jZW50cmFsMS9zbXNjcmVhdGVkL2NMU3NsaU1VQUNJ  
 
[debug] [2019-12-11T13:45:19.724Z] <<< HTTP RESPONSE 200
[debug] [2019-12-11T13:45:19.726Z] <<< HTTP RESPONSE 200
[debug] [2019-12-11T13:45:19.727Z] <<< HTTP RESPONSE 200
[debug] [2019-12-11T13:45:19.728Z] <<< HTTP RESPONSE 200
[debug] [2019-12-11T13:45:19.729Z] <<< HTTP RESPONSE 200
[debug] [2019-12-11T13:45:21.725Z] >>> HTTP REQUEST GET https://cloudfunctions.googleapis.com/v1/operations/ZGF1ZGktNC91cy1jZW50cmFsMS9jcmVhdGVFc3RpbWF0ZS9IUUREUGh1TEhnbw  
 
[debug] [2019-12-11T13:45:21.729Z] >>> HTTP REQUEST GET https://cloudfunctions.googleapis.com/v1/operations/ZGF1ZGktNC91cy1jZW50cmFsMS9yZXF1ZXN0c3luYy9DcFRIbjI1VzFSdw  
 
[debug] [2019-12-11T13:45:21.729Z] >>> HTTP REQUEST GET https://cloudfunctions.googleapis.com/v1/operations/ZGF1ZGktNC91cy1jZW50cmFsMS9hcHByb3ZlSW52b2ljZS9Dd3pBM0R4d09VOA  
 
[debug] [2019-12-11T13:45:21.730Z] >>> HTTP REQUEST GET https://cloudfunctions.googleapis.com/v1/operations/ZGF1ZGktNC91cy1jZW50cmFsMS9vblVzZXJTdGF0dXNDaGFuZ2VkLzV2ZEhCOXQxcnhr  
 
[debug] [2019-12-11T13:45:21.739Z] >>> HTTP REQUEST GET https://cloudfunctions.googleapis.com/v1/operations/ZGF1ZGktNC91cy1jZW50cmFsMS9zbXNjcmVhdGVkL2NMU3NsaU1VQUNJ  
 
[debug] [2019-12-11T13:45:22.080Z] <<< HTTP RESPONSE 200
[debug] [2019-12-11T13:45:22.081Z] <<< HTTP RESPONSE 200
[debug] [2019-12-11T13:45:22.082Z] <<< HTTP RESPONSE 200
[debug] [2019-12-11T13:45:22.090Z] <<< HTTP RESPONSE 200
[debug] [2019-12-11T13:45:22.141Z] <<< HTTP RESPONSE 200
[debug] [2019-12-11T13:45:24.081Z] >>> HTTP REQUEST GET https://cloudfunctions.googleapis.com/v1/operations/ZGF1ZGktNC91cy1jZW50cmFsMS9vblVzZXJTdGF0dXNDaGFuZ2VkLzV2ZEhCOXQxcnhr  
 
[debug] [2019-12-11T13:45:24.086Z] >>> HTTP REQUEST GET https://cloudfunctions.googleapis.com/v1/operations/ZGF1ZGktNC91cy1jZW50cmFsMS9jcmVhdGVFc3RpbWF0ZS9IUUREUGh1TEhnbw  
 
[debug] [2019-12-11T13:45:24.086Z] >>> HTTP REQUEST GET https://cloudfunctions.googleapis.com/v1/operations/ZGF1ZGktNC91cy1jZW50cmFsMS9yZXF1ZXN0c3luYy9DcFRIbjI1VzFSdw  
 
[debug] [2019-12-11T13:45:24.092Z] >>> HTTP REQUEST GET https://cloudfunctions.googleapis.com/v1/operations/ZGF1ZGktNC91cy1jZW50cmFsMS9hcHByb3ZlSW52b2ljZS9Dd3pBM0R4d09VOA  
 
[debug] [2019-12-11T13:45:24.141Z] >>> HTTP REQUEST GET https://cloudfunctions.googleapis.com/v1/operations/ZGF1ZGktNC91cy1jZW50cmFsMS9zbXNjcmVhdGVkL2NMU3NsaU1VQUNJ  
 
[debug] [2019-12-11T13:45:24.435Z] <<< HTTP RESPONSE 200
[debug] [2019-12-11T13:45:24.438Z] <<< HTTP RESPONSE 200
[debug] [2019-12-11T13:45:24.439Z] <<< HTTP RESPONSE 200
[debug] [2019-12-11T13:45:24.441Z] <<< HTTP RESPONSE 200
[debug] [2019-12-11T13:45:24.490Z] <<< HTTP RESPONSE 200
[debug] [2019-12-11T13:45:26.437Z] >>> HTTP REQUEST GET https://cloudfunctions.googleapis.com/v1/operations/ZGF1ZGktNC91cy1jZW50cmFsMS9jcmVhdGVFc3RpbWF0ZS9IUUREUGh1TEhnbw  
 
[debug] [2019-12-11T13:45:26.441Z] >>> HTTP REQUEST GET https://cloudfunctions.googleapis.com/v1/operations/ZGF1ZGktNC91cy1jZW50cmFsMS9hcHByb3ZlSW52b2ljZS9Dd3pBM0R4d09VOA  
 
[debug] [2019-12-11T13:45:26.442Z] >>> HTTP REQUEST GET https://cloudfunctions.googleapis.com/v1/operations/ZGF1ZGktNC91cy1jZW50cmFsMS9vblVzZXJTdGF0dXNDaGFuZ2VkLzV2ZEhCOXQxcnhr  
 
[debug] [2019-12-11T13:45:26.442Z] >>> HTTP REQUEST GET https://cloudfunctions.googleapis.com/v1/operations/ZGF1ZGktNC91cy1jZW50cmFsMS9yZXF1ZXN0c3luYy9DcFRIbjI1VzFSdw  
 
[debug] [2019-12-11T13:45:26.490Z] >>> HTTP REQUEST GET https://cloudfunctions.googleapis.com/v1/operations/ZGF1ZGktNC91cy1jZW50cmFsMS9zbXNjcmVhdGVkL2NMU3NsaU1VQUNJ  
 
[debug] [2019-12-11T13:45:26.777Z] <<< HTTP RESPONSE 200
[debug] [2019-12-11T13:45:26.790Z] <<< HTTP RESPONSE 200
[debug] [2019-12-11T13:45:26.802Z] <<< HTTP RESPONSE 200
[debug] [2019-12-11T13:45:26.818Z] <<< HTTP RESPONSE 200
[debug] [2019-12-11T13:45:26.838Z] <<< HTTP RESPONSE 200
[debug] [2019-12-11T13:45:28.781Z] >>> HTTP REQUEST GET https://cloudfunctions.googleapis.com/v1/operations/ZGF1ZGktNC91cy1jZW50cmFsMS9jcmVhdGVFc3RpbWF0ZS9IUUREUGh1TEhnbw  
 
[debug] [2019-12-11T13:45:28.791Z] >>> HTTP REQUEST GET https://cloudfunctions.googleapis.com/v1/operations/ZGF1ZGktNC91cy1jZW50cmFsMS9yZXF1ZXN0c3luYy9DcFRIbjI1VzFSdw  
 
[debug] [2019-12-11T13:45:28.804Z] >>> HTTP REQUEST GET https://cloudfunctions.googleapis.com/v1/operations/ZGF1ZGktNC91cy1jZW50cmFsMS9vblVzZXJTdGF0dXNDaGFuZ2VkLzV2ZEhCOXQxcnhr  
 
[debug] [2019-12-11T13:45:28.821Z] >>> HTTP REQUEST GET https://cloudfunctions.googleapis.com/v1/operations/ZGF1ZGktNC91cy1jZW50cmFsMS9hcHByb3ZlSW52b2ljZS9Dd3pBM0R4d09VOA  
 
[debug] [2019-12-11T13:45:28.839Z] >>> HTTP REQUEST GET https://cloudfunctions.googleapis.com/v1/operations/ZGF1ZGktNC91cy1jZW50cmFsMS9zbXNjcmVhdGVkL2NMU3NsaU1VQUNJ  
 
[debug] [2019-12-11T13:45:29.145Z] <<< HTTP RESPONSE 200
[debug] [2019-12-11T13:45:29.148Z] <<< HTTP RESPONSE 200
[debug] [2019-12-11T13:45:29.163Z] <<< HTTP RESPONSE 200
[debug] [2019-12-11T13:45:29.166Z] <<< HTTP RESPONSE 200
[debug] [2019-12-11T13:45:29.177Z] <<< HTTP RESPONSE 200
[debug] [2019-12-11T13:45:31.148Z] >>> HTTP REQUEST GET https://cloudfunctions.googleapis.com/v1/operations/ZGF1ZGktNC91cy1jZW50cmFsMS9vblVzZXJTdGF0dXNDaGFuZ2VkLzV2ZEhCOXQxcnhr  
 
[debug] [2019-12-11T13:45:31.152Z] >>> HTTP REQUEST GET https://cloudfunctions.googleapis.com/v1/operations/ZGF1ZGktNC91cy1jZW50cmFsMS9yZXF1ZXN0c3luYy9DcFRIbjI1VzFSdw  
 
[debug] [2019-12-11T13:45:31.164Z] >>> HTTP REQUEST GET https://cloudfunctions.googleapis.com/v1/operations/ZGF1ZGktNC91cy1jZW50cmFsMS9jcmVhdGVFc3RpbWF0ZS9IUUREUGh1TEhnbw  
 
[debug] [2019-12-11T13:45:31.172Z] >>> HTTP REQUEST GET https://cloudfunctions.googleapis.com/v1/operations/ZGF1ZGktNC91cy1jZW50cmFsMS9zbXNjcmVhdGVkL2NMU3NsaU1VQUNJ  
 
[debug] [2019-12-11T13:45:31.179Z] >>> HTTP REQUEST GET https://cloudfunctions.googleapis.com/v1/operations/ZGF1ZGktNC91cy1jZW50cmFsMS9hcHByb3ZlSW52b2ljZS9Dd3pBM0R4d09VOA  
 
[debug] [2019-12-11T13:45:31.500Z] <<< HTTP RESPONSE 200
[debug] [2019-12-11T13:45:31.502Z] <<< HTTP RESPONSE 200
[debug] [2019-12-11T13:45:31.509Z] <<< HTTP RESPONSE 200
[debug] [2019-12-11T13:45:31.512Z] <<< HTTP RESPONSE 200
[debug] [2019-12-11T13:45:31.526Z] <<< HTTP RESPONSE 200
[debug] [2019-12-11T13:45:33.502Z] >>> HTTP REQUEST GET https://cloudfunctions.googleapis.com/v1/operations/ZGF1ZGktNC91cy1jZW50cmFsMS9vblVzZXJTdGF0dXNDaGFuZ2VkLzV2ZEhCOXQxcnhr  
 
[debug] [2019-12-11T13:45:33.505Z] >>> HTTP REQUEST GET https://cloudfunctions.googleapis.com/v1/operations/ZGF1ZGktNC91cy1jZW50cmFsMS9yZXF1ZXN0c3luYy9DcFRIbjI1VzFSdw  
 
[debug] [2019-12-11T13:45:33.510Z] >>> HTTP REQUEST GET https://cloudfunctions.googleapis.com/v1/operations/ZGF1ZGktNC91cy1jZW50cmFsMS9jcmVhdGVFc3RpbWF0ZS9IUUREUGh1TEhnbw  
 
[debug] [2019-12-11T13:45:33.513Z] >>> HTTP REQUEST GET https://cloudfunctions.googleapis.com/v1/operations/ZGF1ZGktNC91cy1jZW50cmFsMS9hcHByb3ZlSW52b2ljZS9Dd3pBM0R4d09VOA  
 
[debug] [2019-12-11T13:45:33.528Z] >>> HTTP REQUEST GET https://cloudfunctions.googleapis.com/v1/operations/ZGF1ZGktNC91cy1jZW50cmFsMS9zbXNjcmVhdGVkL2NMU3NsaU1VQUNJ  
 
[debug] [2019-12-11T13:45:33.856Z] <<< HTTP RESPONSE 200
[debug] [2019-12-11T13:45:33.857Z] <<< HTTP RESPONSE 200
[debug] [2019-12-11T13:45:33.858Z] <<< HTTP RESPONSE 200
[debug] [2019-12-11T13:45:33.863Z] <<< HTTP RESPONSE 200
[info] ✔  functions[createEstimate(us-central1)]: Successful update operation. 
[debug] [2019-12-11T13:45:33.875Z] <<< HTTP RESPONSE 200
