[debug] [2020-03-26T11:05:52.231Z] ----------------------------------------------------------------------
[debug] [2020-03-26T11:05:52.233Z] Command:       /home/kisinga/.asdf/installs/nodejs/12.13.0/bin/node /home/kisinga/.npm-global/bin/firebase deploy --only functions
[debug] [2020-03-26T11:05:52.234Z] CLI Version:   7.12.1
[debug] [2020-03-26T11:05:52.234Z] Platform:      linux
[debug] [2020-03-26T11:05:52.234Z] Node Version:  v12.13.0
[debug] [2020-03-26T11:05:52.234Z] Time:          Thu Mar 26 2020 14:05:52 GMT+0300 (GMT+03:00)
[debug] [2020-03-26T11:05:52.234Z] ----------------------------------------------------------------------
[debug] [2020-03-26T11:05:52.234Z] 
[debug] [2020-03-26T11:05:52.241Z] > command requires scopes: ["email","openid","https://www.googleapis.com/auth/cloudplatformprojects.readonly","https://www.googleapis.com/auth/firebase","https://www.googleapis.com/auth/cloud-platform"]
[debug] [2020-03-26T11:05:52.241Z] > authorizing via signed-in user
[debug] [2020-03-26T11:05:52.241Z] [iam] checking project daudi-4 for permissions ["cloudfunctions.functions.create","cloudfunctions.functions.delete","cloudfunctions.functions.get","cloudfunctions.functions.list","cloudfunctions.functions.update","cloudfunctions.operations.get","firebase.projects.get"]
[debug] [2020-03-26T11:05:52.243Z] >>> HTTP REQUEST POST https://cloudresourcemanager.googleapis.com/v1/projects/daudi-4:testIamPermissions  

[debug] [2020-03-26T11:05:52.849Z] <<< HTTP RESPONSE 200
[info] 
[info] === Deploying to 'daudi-4'...
[info] 
[info] i  deploying functions
[info] Running command: npm --prefix "$RESOURCE_DIR" run lint
[info] Running command: npm --prefix "$RESOURCE_DIR" run build
[info] ✔  functions: Finished running predeploy script.
[debug] [2020-03-26T11:06:04.628Z] > [functions] package.json contents: {
  "name": "functions",
  "scripts": {
    "lint": "tslint --project tsconfig.json",
    "build": "tsc",
    "serve": "npm run build && firebase serve --only functions",
    "shell": "npm run build && firebase functions:shell",
    "start": "npm run shell",
    "deploy": "firebase deploy --only functions",
    "logs": "firebase functions:log"
  },
  "main": "lib/index.js",
  "dependencies": {
    "@firebase/firestore-types": "^1.9.1",
    "@google-cloud/pubsub": "^1.5.0",
    "bluebird": "^3.7.2",
    "firebase-admin": "^8.9.2",
    "firebase-functions": "^3.3.0",
    "intuit-oauth": "^2.0.2",
    "jxon": "^2.0.0-beta.5",
    "lodash": "^4.17.15",
    "moment": "^2.24.0",
    "request": "^2.88.2",
    "request-debug": "^0.2.0",
    "underscore": "^1.9.2",
    "uuid": "^3.4.0"
  },
  "devDependencies": {
    "@types/lodash.clonedeep": "^4.5.6",
    "@types/node": "^12.12.27",
    "@types/underscore": "^1.9.4",
    "@types/uuid": "^3.4.7",
    "tslint": "^5.20.1",
    "typescript": "^3.7.5"
  },
  "engines": {
    "node": "8"
  },
  "private": true
}
[info] i  functions: ensuring necessary APIs are enabled...
[debug] [2020-03-26T11:06:04.629Z] >>> HTTP REQUEST GET https://serviceusage.googleapis.com/v1/projects/daudi-4/services/cloudfunctions.googleapis.com  
 
[debug] [2020-03-26T11:06:04.629Z] >>> HTTP REQUEST GET https://serviceusage.googleapis.com/v1/projects/daudi-4/services/runtimeconfig.googleapis.com  
 
[debug] [2020-03-26T11:06:07.027Z] <<< HTTP RESPONSE 200
[debug] [2020-03-26T11:06:07.814Z] <<< HTTP RESPONSE 200
[info] ✔  functions: all necessary APIs are enabled
[debug] [2020-03-26T11:06:07.816Z] >>> HTTP REQUEST GET https://firebase.googleapis.com/v1beta1/projects/daudi-4/adminSdkConfig  
 
[debug] [2020-03-26T11:06:08.389Z] <<< HTTP RESPONSE 200
[info] i  functions: preparing functions directory for uploading...
[debug] [2020-03-26T11:06:08.394Z] >>> HTTP REQUEST GET https://runtimeconfig.googleapis.com/v1beta1/projects/daudi-4/configs  
 
[debug] [2020-03-26T11:06:09.157Z] <<< HTTP RESPONSE 200
[info] i  functions: packaged functions (294.07 KB) for uploading
[debug] [2020-03-26T11:06:10.159Z] >>> HTTP REQUEST POST https://cloudfunctions.googleapis.com/v1/projects/daudi-4/locations/us-central1/functions:generateUploadUrl  
 
[debug] [2020-03-26T11:06:11.352Z] <<< HTTP RESPONSE 200
[debug] [2020-03-26T11:06:11.354Z] >>> HTTP REQUEST PUT https://storage.googleapis.com/gcf-upload-us-central1-c083ee8d-c519-4767-a169-b9c1ec0ee6ce/9125e304-dc3d-47de-b2be-bc087f861c9c.zip?GoogleAccessId=service-999511162358@gcf-admin-robot.iam.gserviceaccount.com&Expires=1585222609&Signature=RlOoSy7cEnRNePtQmqnJQkhZLXt8ySvoxzN4fcOoj%2BSKiBR2UmOPU5UZTG0IrbKaAJsC1XDa%2BRAZlafSSY8VQvMhPIILXmfNa1CN%2BKuXfrwgP9RWuVHboPAbjXP4srSs5BsXLRZzrKb5GfyvpnnNDOB7SczGMwvEYxzBSGBxNLnefD39QZBW%2FVKNpWB0G%2Fr85X4BG8dXy62gp4%2FOER7W25cCFtVkLXYufLKm5T6SwleQWfGcDiHgVUZpSkA4L1tNraEKldbJ4iVzJT66Ywh%2B0qBtiUFbo8tUASs6DBVOfr8WDFvc061V491DqAAC36mjyHymJSpgU%2Fp4sMnw%2BWGRSw%3D%3D  
 <request body omitted>
